0 info it worked if it ends with ok
1 verbose cli [ 'C:\\Program Files\\nodejs\\node.exe',
1 verbose cli   'C:\\Program Files\\nodejs\\node_modules\\npm\\bin\\npm-cli.js',
1 verbose cli   'run',
1 verbose cli   'dev' ]
2 info using npm@3.10.10
3 info using node@v6.10.0
4 verbose run-script [ 'predev', 'dev', 'postdev' ]
5 info lifecycle tool_bluej_webpack@1.3.1~predev: tool_bluej_webpack@1.3.1
6 silly lifecycle tool_bluej_webpack@1.3.1~predev: no script for predev, continuing
7 info lifecycle tool_bluej_webpack@1.3.1~dev: tool_bluej_webpack@1.3.1
8 verbose lifecycle tool_bluej_webpack@1.3.1~dev: unsafe-perm in lifecycle true
9 verbose lifecycle tool_bluej_webpack@1.3.1~dev: PATH: D:\nvm\v6.10.0\node_modules\npm\bin\node-gyp-bin;E:\GitHub\music-vue\node_modules\.bin;C:\Ruby24-x64\bin;C:\windows\system32;C:\windows;C:\windows;C:\Program Files\MacType;C:\Users\Administrator\Desktop\platform-tools;C:\Users\Administrator\AppData\Local\Programs\Python\Python36-32\Scripts\;C:\Users\Administrator\AppData\Local\Programs\Python\Python36-32\;C:\windows\System32\Wbem;C:\windows\System32\WindowsPowerShell\v1.0\;D:\git\Git\cmd;D:\nvm;C:\Program Files\nodejs
10 verbose lifecycle tool_bluej_webpack@1.3.1~dev: CWD: E:\GitHub\music-vue
11 silly lifecycle tool_bluej_webpack@1.3.1~dev: Args: [ '/d /s /c', 'webpack-dev-server --open --progress' ]
12 silly lifecycle tool_bluej_webpack@1.3.1~dev: Returned: code: 3221225786  signal: null
13 info lifecycle tool_bluej_webpack@1.3.1~dev: Failed to exec dev script
14 verbose stack Error: tool_bluej_webpack@1.3.1 dev: `webpack-dev-server --open --progress`
14 verbose stack Exit status 3221225786
14 verbose stack     at EventEmitter.<anonymous> (D:\nvm\v6.10.0\node_modules\npm\lib\utils\lifecycle.js:255:16)
14 verbose stack     at emitTwo (events.js:106:13)
14 verbose stack     at EventEmitter.emit (events.js:191:7)
14 verbose stack     at ChildProcess.<anonymous> (D:\nvm\v6.10.0\node_modules\npm\lib\utils\spawn.js:40:14)
14 verbose stack     at emitTwo (events.js:106:13)
14 verbose stack     at ChildProcess.emit (events.js:191:7)
14 verbose stack     at maybeClose (internal/child_process.js:877:16)
14 verbose stack     at Process.ChildProcess._handle.onexit (internal/child_process.js:226:5)
15 verbose pkgid tool_bluej_webpack@1.3.1
16 verbose cwd E:\GitHub\music-vue
17 error Windows_NT 6.1.7601
18 error argv "C:\\Program Files\\nodejs\\node.exe" "C:\\Program Files\\nodejs\\node_modules\\npm\\bin\\npm-cli.js" "run" "dev"
19 error node v6.10.0
20 error npm  v3.10.10
21 error code ELIFECYCLE
22 error tool_bluej_webpack@1.3.1 dev: `webpack-dev-server --open --progress`
22 error Exit status 3221225786
23 error Failed at the tool_bluej_webpack@1.3.1 dev script 'webpack-dev-server --open --progress'.
23 error Make sure you have the latest version of node.js and npm installed.
23 error If you do, this is most likely a problem with the tool_bluej_webpack package,
23 error not with npm itself.
23 error Tell the author that this fails on your system:
23 error     webpack-dev-server --open --progress
23 error You can get information on how to open an issue for this project with:
23 error     npm bugs tool_bluej_webpack
23 error Or if that isn't available, you can get their info via:
23 error     npm owner ls tool_bluej_webpack
23 error There is likely additional logging output above.
24 verbose exit [ 1, true ]
